<html>
<head>
<title>TestNG:  Test</title>
<link href="../testng.css" rel="stylesheet" type="text/css" />
<link href="../my-testng.css" rel="stylesheet" type="text/css" />

<style type="text/css">
.log { display: none;} 
.stack-trace { display: none;} 
</style>
<script type="text/javascript">
<!--
function flip(e) {
  current = e.style.display;
  if (current == 'block') {
    e.style.display = 'none';
    return 0;
  }
  else {
    e.style.display = 'block';
    return 1;
  }
}

function toggleBox(szDivId, elem, msg1, msg2)
{
  var res = -1;  if (document.getElementById) {
    res = flip(document.getElementById(szDivId));
  }
  else if (document.all) {
    // this is the way old msie versions work
    res = flip(document.all[szDivId]);
  }
  if(elem) {
    if(res == 0) elem.innerHTML = msg1; else elem.innerHTML = msg2;
  }

}

function toggleAllBoxes() {
  if (document.getElementsByTagName) {
    d = document.getElementsByTagName('div');
    for (i = 0; i < d.length; i++) {
      if (d[i].className == 'log') {
        flip(d[i]);
      }
    }
  }
}

// -->
</script>

</head>
<body>
<h2 align='center'>Test</h2><table border='1' align="center">
<tr>
<td>Tests passed/Failed/Skipped:</td><td>16/1/0</td>
</tr><tr>
<td>Started on:</td><td>Thu Apr 09 23:45:55 EDT 2020</td>
</tr>
<tr><td>Total time:</td><td>324 seconds (324117 ms)</td>
</tr><tr>
<td>Included groups:</td><td></td>
</tr><tr>
<td>Excluded groups:</td><td></td>
</tr>
</table><p/>
<small><i>(Hover the method name to see the test class name)</i></small><p/>
<table width='100%' border='1' class='invocation-failed'>
<tr><td colspan='4' align='center'><b>FAILED TESTS</b></td></tr>
<tr><td><b>Test method</b></td>
<td width="30%"><b>Exception</b></td>
<td width="10%"><b>Time (seconds)</b></td>
<td><b>Instance</b></td>
</tr>
<tr>
<td title='com.etsy.Tests.RegisterTest.verifyHeadingOnRegisterPage()'><b>verifyHeadingOnRegisterPage</b><br>Test class: com.etsy.Tests.RegisterTest<br>Test method: Verify that the heading on the Register page is Create your account and assert that the actual heading andand expected heading are same<br>Parameters: public void com.etsy.Tests.RegisterTest.verifyHeadingOnRegisterPage(java.lang.reflect.Method)</td>
<td><div><pre>java.lang.AssertionError: Please check your actual and expected text --  expected [Create your account] but found [ ]
	at com.etsy.Tests.RegisterTest.verifyHeadingOnRegisterPage(RegisterTest.java:43)
	at java.util.ArrayList.forEach(Unknown Source)
... Removed 31 stack frames</pre></div><a href='#' onClick='toggleBox("stack-trace1205559205", this, "Click to show all stack frames", "Click to hide stack frames")'>Click to show all stack frames</a>
<div class='stack-trace' id='stack-trace1205559205'><pre>java.lang.AssertionError: Please check your actual and expected text --  expected [Create your account] but found [ ]
	at org.testng.Assert.fail(Assert.java:97)
	at org.testng.Assert.assertEqualsImpl(Assert.java:136)
	at org.testng.Assert.assertEquals(Assert.java:118)
	at org.testng.Assert.assertEquals(Assert.java:575)
	at com.etsy.Tests.RegisterTest.verifyHeadingOnRegisterPage(RegisterTest.java:43)
	at sun.reflect.NativeMethodAccessorImpl.invoke0(Native Method)
	at sun.reflect.NativeMethodAccessorImpl.invoke(Unknown Source)
	at sun.reflect.DelegatingMethodAccessorImpl.invoke(Unknown Source)
	at java.lang.reflect.Method.invoke(Unknown Source)
	at org.testng.internal.MethodInvocationHelper.invokeMethod(MethodInvocationHelper.java:133)
	at org.testng.internal.TestInvoker.invokeMethod(TestInvoker.java:584)
	at org.testng.internal.TestInvoker.invokeTestMethod(TestInvoker.java:172)
	at org.testng.internal.MethodRunner.runInSequence(MethodRunner.java:46)
	at org.testng.internal.TestInvoker$MethodInvocationAgent.invoke(TestInvoker.java:804)
	at org.testng.internal.TestInvoker.invokeTestMethods(TestInvoker.java:145)
	at org.testng.internal.TestMethodWorker.invokeTestMethods(TestMethodWorker.java:146)
	at org.testng.internal.TestMethodWorker.run(TestMethodWorker.java:128)
	at java.util.ArrayList.forEach(Unknown Source)
	at org.testng.TestRunner.privateRun(TestRunner.java:770)
	at org.testng.TestRunner.run(TestRunner.java:591)
	at org.testng.SuiteRunner.runTest(SuiteRunner.java:402)
	at org.testng.SuiteRunner.runSequentially(SuiteRunner.java:396)
	at org.testng.SuiteRunner.privateRun(SuiteRunner.java:355)
	at org.testng.SuiteRunner.run(SuiteRunner.java:304)
	at org.testng.SuiteRunnerWorker.runSuite(SuiteRunnerWorker.java:53)
	at org.testng.SuiteRunnerWorker.run(SuiteRunnerWorker.java:96)
	at org.testng.TestNG.runSuitesSequentially(TestNG.java:1180)
	at org.testng.TestNG.runSuitesLocally(TestNG.java:1102)
	at org.testng.TestNG.runSuites(TestNG.java:1032)
	at org.testng.TestNG.run(TestNG.java:1000)
	at org.testng.remote.AbstractRemoteTestNG.run(AbstractRemoteTestNG.java:115)
	at org.testng.remote.RemoteTestNG.initAndRun(RemoteTestNG.java:251)
	at org.testng.remote.RemoteTestNG.main(RemoteTestNG.java:77)
</pre></div></td>
<td>40</td>
<td>com.etsy.Tests.RegisterTest@70325e14</td></tr>
</table><p>
<table width='100%' border='1' class='invocation-passed'>
<tr><td colspan='4' align='center'><b>PASSED TESTS</b></td></tr>
<tr><td><b>Test method</b></td>
<td width="30%"><b>Exception</b></td>
<td width="10%"><b>Time (seconds)</b></td>
<td><b>Instance</b></td>
</tr>
<tr>
<td title='com.etsy.Tests.CraftSuppliesTest.verifyCheckBox()'><b>verifyCheckBox</b><br>Test class: com.etsy.Tests.CraftSuppliesTest<br>Parameters: public void com.etsy.Tests.CraftSuppliesTest.verifyCheckBox(java.lang.reflect.Method) throws java.lang.InterruptedException</td>
<td></td>
<td>13</td>
<td>com.etsy.Tests.CraftSuppliesTest@6200f9cb</td></tr>
<tr>
<td title='com.etsy.Tests.RegisterTest.verifyCreateAccountFunctionality()'><b>verifyCreateAccountFunctionality</b><br>Test class: com.etsy.Tests.RegisterTest<br>Test method: Confirm that an account is created when the required fields are entered and register button clicked<br>Parameters: public void com.etsy.Tests.RegisterTest.verifyCreateAccountFunctionality(java.lang.reflect.Method)</td>
<td></td>
<td>1</td>
<td>com.etsy.Tests.RegisterTest@70325e14</td></tr>
<tr>
<td title='com.etsy.Tests.SignInTest.verifyForgotPwdLink()'><b>verifyForgotPwdLink</b><br>Test class: com.etsy.Tests.SignInTest<br>Parameters: public void com.etsy.Tests.SignInTest.verifyForgotPwdLink(java.lang.reflect.Method)</td>
<td></td>
<td>6</td>
<td>com.etsy.Tests.SignInTest@37ceb1df</td></tr>
<tr>
<td title='com.etsy.Tests.HomeAndLivingTest.verifyHmNLivingUrl()'><b>verifyHmNLivingUrl</b><br>Test class: com.etsy.Tests.HomeAndLivingTest<br>Parameters: public void com.etsy.Tests.HomeAndLivingTest.verifyHmNLivingUrl(java.lang.reflect.Method) throws java.lang.InterruptedException</td>
<td></td>
<td>11</td>
<td>com.etsy.Tests.HomeAndLivingTest@20d525</td></tr>
<tr>
<td title='com.etsy.Tests.HomeAndLivingTest.verifyHomeNLivingTitle()'><b>verifyHomeNLivingTitle</b><br>Test class: com.etsy.Tests.HomeAndLivingTest<br>Parameters: public void com.etsy.Tests.HomeAndLivingTest.verifyHomeNLivingTitle(java.lang.reflect.Method)</td>
<td></td>
<td>5</td>
<td>com.etsy.Tests.HomeAndLivingTest@20d525</td></tr>
<tr>
<td title='com.etsy.Tests.HomePageTest.verifyHomePageTitle()'><b>verifyHomePageTitle</b><br>Test class: com.etsy.Tests.HomePageTest<br>Parameters: public void com.etsy.Tests.HomePageTest.verifyHomePageTitle(java.lang.reflect.Method)</td>
<td></td>
<td>0</td>
<td>com.etsy.Tests.HomePageTest@7c9d8e2</td></tr>
<tr>
<td title='com.etsy.Tests.CraftSuppliesTest.verifyLocation()'><b>verifyLocation</b><br>Test class: com.etsy.Tests.CraftSuppliesTest<br>Parameters: public void com.etsy.Tests.CraftSuppliesTest.verifyLocation(java.lang.reflect.Method)</td>
<td></td>
<td>8</td>
<td>com.etsy.Tests.CraftSuppliesTest@6200f9cb</td></tr>
<tr>
<td title='com.etsy.Tests.SignInTest.verifyLoginFunctionality()'><b>verifyLoginFunctionality</b><br>Test class: com.etsy.Tests.SignInTest<br>Parameters: public void com.etsy.Tests.SignInTest.verifyLoginFunctionality(java.lang.reflect.Method)</td>
<td></td>
<td>2</td>
<td>com.etsy.Tests.SignInTest@37ceb1df</td></tr>
<tr>
<td title='com.etsy.Tests.CraftSuppliesTest.verifyRadioButton()'><b>verifyRadioButton</b><br>Test class: com.etsy.Tests.CraftSuppliesTest<br>Parameters: public void com.etsy.Tests.CraftSuppliesTest.verifyRadioButton(java.lang.reflect.Method) throws java.lang.InterruptedException</td>
<td></td>
<td>10</td>
<td>com.etsy.Tests.CraftSuppliesTest@6200f9cb</td></tr>
<tr>
<td title='com.etsy.Tests.SignInTest.verifyRegisterButtonIsPresent()'><b>verifyRegisterButtonIsPresent</b><br>Test class: com.etsy.Tests.SignInTest<br>Parameters: public void com.etsy.Tests.SignInTest.verifyRegisterButtonIsPresent(java.lang.reflect.Method)</td>
<td></td>
<td>0</td>
<td>com.etsy.Tests.SignInTest@37ceb1df</td></tr>
<tr>
<td title='com.etsy.Tests.HomePageTest.verifySearchFunctionality()'><b>verifySearchFunctionality</b><br>Test class: com.etsy.Tests.HomePageTest<br>Parameters: public void com.etsy.Tests.HomePageTest.verifySearchFunctionality(java.lang.reflect.Method)</td>
<td></td>
<td>6</td>
<td>com.etsy.Tests.HomePageTest@7c9d8e2</td></tr>
<tr>
<td title='com.etsy.Tests.CraftSuppliesTest.verifyShowMoreOption()'><b>verifyShowMoreOption</b><br>Test class: com.etsy.Tests.CraftSuppliesTest<br>Parameters: public void com.etsy.Tests.CraftSuppliesTest.verifyShowMoreOption(java.lang.reflect.Method) throws java.lang.InterruptedException</td>
<td></td>
<td>8</td>
<td>com.etsy.Tests.CraftSuppliesTest@6200f9cb</td></tr>
<tr>
<td title='com.etsy.Tests.HomeAndLivingTest.verifySigninOptionIsPresent()'><b>verifySigninOptionIsPresent</b><br>Test class: com.etsy.Tests.HomeAndLivingTest<br>Parameters: public void com.etsy.Tests.HomeAndLivingTest.verifySigninOptionIsPresent(java.lang.reflect.Method)</td>
<td></td>
<td>6</td>
<td>com.etsy.Tests.HomeAndLivingTest@20d525</td></tr>
<tr>
<td title='com.etsy.Tests.HomePageTest.verifySigninOptiononHomePage()'><b>verifySigninOptiononHomePage</b><br>Test class: com.etsy.Tests.HomePageTest<br>Parameters: public void com.etsy.Tests.HomePageTest.verifySigninOptiononHomePage(java.lang.reflect.Method)</td>
<td></td>
<td>0</td>
<td>com.etsy.Tests.HomePageTest@7c9d8e2</td></tr>
<tr>
<td title='com.etsy.Tests.HomeAndLivingTest.verifySortByFunctionality()'><b>verifySortByFunctionality</b><br>Test class: com.etsy.Tests.HomeAndLivingTest<br>Parameters: public void com.etsy.Tests.HomeAndLivingTest.verifySortByFunctionality(java.lang.reflect.Method) throws java.lang.InterruptedException</td>
<td></td>
<td>11</td>
<td>com.etsy.Tests.HomeAndLivingTest@20d525</td></tr>
<tr>
<td title='com.etsy.Tests.RegisterTest.verifyTermsOfUseLink()'><b>verifyTermsOfUseLink</b><br>Test class: com.etsy.Tests.RegisterTest<br>Test method: Check the terms of use link navigates to terms of link page<br>Parameters: public void com.etsy.Tests.RegisterTest.verifyTermsOfUseLink(java.lang.reflect.Method)</td>
<td></td>
<td>4</td>
<td>com.etsy.Tests.RegisterTest@70325e14</td></tr>
</table><p>
</body>
</html>