<?xml version="1.0" encoding="UTF-8"?>
<!-- Generated by org.testng.reporters.JUnitXMLReporter -->
<testsuite hostname="LAPTOP-PBGFF7J3" ignored="8" name="Test" tests="17" failures="1" timestamp="2020-04-09T23:51:20 EDT" time="324.117" errors="0">
  <testcase name="verifyHeadingOnRegisterPage" time="40.993" classname="com.etsy.Tests.RegisterTest">
    <failure type="java.lang.AssertionError" message="Please check your actual and expected text --  expected [Create your account] but found [ ]">
      <![CDATA[java.lang.AssertionError: Please check your actual and expected text --  expected [Create your account] but found [ ]
at com.etsy.Tests.RegisterTest.verifyHeadingOnRegisterPage(RegisterTest.java:43)
at java.util.ArrayList.forEach(Unknown Source)
... Removed 31 stack frames]]>
    </failure>
  </testcase> <!-- verifyHeadingOnRegisterPage -->
  <testcase name="verifyTermsOfUseLink" time="4.225" classname="com.etsy.Tests.RegisterTest"/>
  <testcase name="verifyCreateAccountFunctionality" time="1.78" classname="com.etsy.Tests.RegisterTest"/>
  <testcase name="verifyRegisterButtonIsPresent" time="0.566" classname="com.etsy.Tests.SignInTest"/>
  <testcase name="verifyForgotPwdLink" time="6.51" classname="com.etsy.Tests.SignInTest"/>
  <testcase name="verifyLoginFunctionality" time="2.167" classname="com.etsy.Tests.SignInTest"/>
  <testcase name="verifyHomePageTitle" time="0.035" classname="com.etsy.Tests.HomePageTest"/>
  <testcase name="verifySigninOptiononHomePage" time="0.185" classname="com.etsy.Tests.HomePageTest"/>
  <testcase name="verifySearchFunctionality" time="6.39" classname="com.etsy.Tests.HomePageTest"/>
  <testcase name="verifyHomeNLivingTitle" time="5.331" classname="com.etsy.Tests.HomeAndLivingTest"/>
  <testcase name="verifySigninOptionIsPresent" time="6.216" classname="com.etsy.Tests.HomeAndLivingTest"/>
  <testcase name="verifySortByFunctionality" time="11.651" classname="com.etsy.Tests.HomeAndLivingTest"/>
  <testcase name="verifyHmNLivingUrl" time="11.56" classname="com.etsy.Tests.HomeAndLivingTest"/>
  <testcase name="verifyShowMoreOption" time="8.852" classname="com.etsy.Tests.CraftSuppliesTest"/>
  <testcase name="verifyCheckBox" time="13.988" classname="com.etsy.Tests.CraftSuppliesTest"/>
  <testcase name="verifyRadioButton" time="10.595" classname="com.etsy.Tests.CraftSuppliesTest"/>
  <testcase name="verifyLocation" time="8.278" classname="com.etsy.Tests.CraftSuppliesTest"/>
  <testcase name="@AfterTest endReport" time="0.0" classname="com.etsy.Base.TestBase">
    <ignored/>
  </testcase> <!-- @AfterTest endReport -->
  <testcase name="@AfterTest endReport" time="0.0" classname="com.etsy.Base.TestBase">
    <ignored/>
  </testcase> <!-- @AfterTest endReport -->
  <testcase name="@AfterTest endReport" time="0.0" classname="com.etsy.Base.TestBase">
    <ignored/>
  </testcase> <!-- @AfterTest endReport -->
  <testcase name="@AfterTest endReport" time="0.0" classname="com.etsy.Base.TestBase">
    <ignored/>
  </testcase> <!-- @AfterTest endReport -->
  <testcase name="@BeforeTest startExtent" time="0.0" classname="com.etsy.Base.TestBase">
    <ignored/>
  </testcase> <!-- @BeforeTest startExtent -->
  <testcase name="@BeforeTest startExtent" time="0.0" classname="com.etsy.Base.TestBase">
    <ignored/>
  </testcase> <!-- @BeforeTest startExtent -->
  <testcase name="@BeforeTest startExtent" time="0.0" classname="com.etsy.Base.TestBase">
    <ignored/>
  </testcase> <!-- @BeforeTest startExtent -->
  <testcase name="@BeforeTest startExtent" time="0.0" classname="com.etsy.Base.TestBase">
    <ignored/>
  </testcase> <!-- @BeforeTest startExtent -->
</testsuite> <!-- Test -->
